2020-07-15 00:00:47 {"uri":"\/favicon.ico","params":{"s":""}}

2020-07-15 00:01:17 {"uri":"\/favicon.ico","params":{"s":""}}

2020-07-15 00:01:49 {"uri":"\/favicon.ico","params":{"s":""}}

2020-07-15 00:03:16 {"uri":"\/index\/index","params":{"s":""}}

2020-07-15 00:03:16 {"uri":"\/favicon.ico","params":{"s":""}}

2020-07-15 00:06:15 {"uri":"\/index\/index","params":{"s":""}}

2020-07-15 00:06:15 {"uri":"\/favicon.ico","params":{"s":""}}

2020-07-15 00:06:57 {"uri":"\/index\/index","params":{"s":""}}

2020-07-15 00:06:57 {"uri":"\/favicon.ico","params":{"s":""}}

2020-07-15 00:07:13 {"uri":"\/index\/index","params":{"s":""}}

2020-07-15 00:07:13 {"uri":"\/favicon.ico","params":{"s":""}}

2020-07-15 00:07:21 {"uri":"\/index\/index","params":{"s":""}}

2020-07-15 00:07:21 {"uri":"\/favicon.ico","params":{"s":""}}

2020-07-15 00:07:58 {"uri":"\/index\/index","params":{"s":""}}

2020-07-15 00:07:58 {"uri":"\/favicon.ico","params":{"s":""}}

2020-07-15 15:43:07 {"uri":"\/indexdsds3","params":[]}

2020-07-15 15:43:08 {"uri":"\/favicon.ico","params":[]}

2020-07-15 15:44:12 {"uri":"\/indexdsds3","params":[]}

2020-07-15 15:44:12 {"uri":"\/favicon.ico","params":[]}

2020-07-15 15:44:41 {"uri":"\/indexdsds3","params":[]}

2020-07-15 15:44:41 {"uri":"\/favicon.ico","params":[]}

2020-07-15 15:44:41 {"uri":"\/indexdsds3","params":[]}

2020-07-15 15:44:41 {"uri":"\/favicon.ico","params":[]}

2020-07-15 15:44:41 {"uri":"\/indexdsds3","params":[]}

2020-07-15 15:44:41 {"uri":"\/favicon.ico","params":[]}

2020-07-15 15:44:41 {"uri":"\/indexdsds3","params":[]}

2020-07-15 15:44:41 {"uri":"\/favicon.ico","params":[]}

2020-07-15 15:44:42 {"uri":"\/indexdsds3","params":[]}

2020-07-15 15:44:42 {"uri":"\/favicon.ico","params":[]}

2020-07-15 15:44:49 {"uri":"\/indexdsds3","params":[]}

2020-07-15 15:44:49 {"uri":"\/favicon.ico","params":[]}

2020-07-15 15:45:14 {"uri":"\/indexdsds3","params":[]}

2020-07-15 15:45:14 {"uri":"\/favicon.ico","params":[]}

2020-07-15 15:45:49 {"uri":"\/indexdsds3","params":[]}

2020-07-15 15:45:49 {"uri":"\/favicon.ico","params":[]}

2020-07-15 15:45:53 {"uri":"\/index","params":[]}

2020-07-15 15:45:53 {"uri":"\/favicon.ico","params":[]}

2020-07-15 15:46:29 {"uri":"\/index","params":[]}

2020-07-15 15:46:29 {"uri":"\/favicon.ico","params":[]}

2020-07-15 15:46:29 {"uri":"\/index","params":[]}

2020-07-15 15:46:29 {"uri":"\/favicon.ico","params":[]}

2020-07-15 15:46:30 {"uri":"\/index","params":[]}

2020-07-15 15:46:30 {"uri":"\/favicon.ico","params":[]}

2020-07-15 15:46:30 {"uri":"\/index","params":[]}

2020-07-15 15:46:30 {"uri":"\/favicon.ico","params":[]}

2020-07-15 15:46:30 {"uri":"\/index","params":[]}

2020-07-15 15:46:30 {"uri":"\/favicon.ico","params":[]}

2020-07-15 15:46:34 {"uri":"\/indexdsds","params":[]}

2020-07-15 15:46:34 {"uri":"\/favicon.ico","params":[]}

2020-07-15 15:47:31 {"uri":"\/indexdsds","params":[]}

2020-07-15 15:47:31 {"uri":"\/favicon.ico","params":[]}

2020-07-15 15:47:37 {"uri":"\/indexdsdsdsadsd","params":[]}

2020-07-15 15:47:37 {"uri":"\/favicon.ico","params":[]}

2020-07-15 15:47:42 {"uri":"\/index","params":[]}

2020-07-15 15:47:42 {"uri":"\/favicon.ico","params":[]}

2020-07-15 15:47:48 {"uri":"\/index\/dsdsad","params":[]}

2020-07-15 15:47:48 {"uri":"\/favicon.ico","params":[]}

2020-07-15 15:48:40 {"uri":"\/index\/dsdsad","params":[]}

2020-07-15 15:48:40 {"uri":"\/favicon.ico","params":[]}

2020-07-15 15:48:54 {"uri":"\/index\/dsdsad","params":[]}

2020-07-15 15:48:54 {"uri":"\/favicon.ico","params":[]}

2020-07-15 15:48:55 {"uri":"\/index\/dsdsad","params":[]}

2020-07-15 15:48:55 {"uri":"\/favicon.ico","params":[]}

2020-07-15 15:48:55 {"uri":"\/index\/dsdsad","params":[]}

2020-07-15 15:48:55 {"uri":"\/favicon.ico","params":[]}

2020-07-15 15:49:19 {"uri":"\/index\/dsdsad","params":[]}

2020-07-15 15:49:19 {"uri":"\/favicon.ico","params":[]}

2020-07-15 15:49:37 {"uri":"\/index\/dsdsad","params":[]}

2020-07-15 15:49:37 {"uri":"\/favicon.ico","params":[]}

2020-07-15 15:50:00 {"uri":"\/index\/dsdsad","params":[]}

2020-07-15 15:50:00 {"uri":"\/favicon.ico","params":[]}

2020-07-15 15:50:12 {"uri":"\/index\/dsdsad","params":[]}

2020-07-15 15:50:12 {"uri":"\/favicon.ico","params":[]}

2020-07-15 15:50:13 {"uri":"\/index\/dsdsad","params":[]}

2020-07-15 15:50:13 {"uri":"\/favicon.ico","params":[]}

2020-07-15 15:50:13 {"uri":"\/index\/dsdsad","params":[]}

2020-07-15 15:50:14 {"uri":"\/favicon.ico","params":[]}

2020-07-15 15:50:14 {"uri":"\/index\/dsdsad","params":[]}

2020-07-15 15:50:14 {"uri":"\/favicon.ico","params":[]}

2020-07-15 15:50:14 {"uri":"\/index\/dsdsad","params":[]}

2020-07-15 15:50:15 {"uri":"\/favicon.ico","params":[]}

2020-07-15 15:50:15 {"uri":"\/index\/dsdsad","params":[]}

2020-07-15 15:50:15 {"uri":"\/favicon.ico","params":[]}

2020-07-15 15:52:23 {"uri":"\/index\/dsdsad","params":[]}

2020-07-15 15:52:23 {"uri":"\/favicon.ico","params":[]}

2020-07-15 15:52:36 {"uri":"\/index\/dsdsad","params":[]}

2020-07-15 15:52:36 {"uri":"\/favicon.ico","params":[]}

2020-07-15 15:53:27 {"uri":"\/index\/dsdsad","params":[]}

2020-07-15 15:53:28 {"uri":"\/favicon.ico","params":[]}

2020-07-15 15:53:42 {"uri":"\/index\/dsdsad","params":[]}

2020-07-15 15:53:42 {"uri":"\/favicon.ico","params":[]}

2020-07-15 15:53:46 {"uri":"\/index\/index","params":[]}

2020-07-15 15:53:46 {"uri":"\/favicon.ico","params":[]}

2020-07-15 15:54:59 {"uri":"\/index\/index","params":[]}

2020-07-15 15:54:59 {"uri":"\/favicon.ico","params":[]}

2020-07-15 15:55:11 {"uri":"\/index\/indexdsd","params":[]}

2020-07-15 15:55:11 {"uri":"\/favicon.ico","params":[]}

